<?xml version="1.0" encoding="UTF-8"?>
<beans xmlns="http://www.springframework.org/schema/beans"
    xmlns:xsi="http://www.w3.org/2001/XMLSchema-instance"
    xmlns:util="http://www.springframework.org/schema/util"
    xsi:schemaLocation="http://www.springframework.org/schema/beans http://www.springframework.org/schema/beans/spring-beans.xsd">

	<bean id="org.sakaiproject.component.SakaiProperties" parent="org.sakaiproject.component.DefaultSakaiProperties">
		<property name="locations">
			<list merge="true">
				<value>classpath:org/sakaiproject/config/test.properties</value>
			</list>
		</property>
	</bean>

</beans>
